2014/09/11 16:54:16 [error] [exception.CHttpException.404] exception 'CHttpException' with message 'Nie można ustalić żądania "yii/test/strona".' in /var/www/clients/client4/web20/web/framework/web/CWebApplication.php:286
Stack trace:
#0 /var/www/clients/client4/web20/web/framework/web/CWebApplication.php(141): CWebApplication->runController('yii/test/strona')
#1 /var/www/clients/client4/web20/web/framework/base/CApplication.php(180): CWebApplication->processRequest()
#2 /var/www/clients/client4/web20/web/index.php(14): CApplication->run()
#3 {main}
REQUEST_URI=/yii/test/strona/
---
2014/09/11 16:54:16 [error] [system.db.CDbCommand] Wywołanie CDbCommand::execute() nie powiodło się: SQLSTATE[42S02]: Base table or view not found: 1146 Table 'c4test.VideoCMS_sesja' doesn't exist. Wykonywana instrukcja SQL to: DELETE FROM `VideoCMS_sesja` WHERE expire<:expire. Bound with :expire=1410447256.
2014/09/11 16:54:21 [error] [exception.CHttpException.404] exception 'CHttpException' with message 'Nie można ustalić żądania "VideoCMS".' in /var/www/clients/client4/web20/web/framework/web/CWebApplication.php:286
Stack trace:
#0 /var/www/clients/client4/web20/web/framework/web/CWebApplication.php(141): CWebApplication->runController('')
#1 /var/www/clients/client4/web20/web/framework/base/CApplication.php(180): CWebApplication->processRequest()
#2 /var/www/clients/client4/web20/web/index.php(14): CApplication->run()
#3 {main}
REQUEST_URI=/
---
2014/09/11 16:59:05 [error] [exception.CHttpException.404] exception 'CHttpException' with message 'Nie można ustalić żądania "test".' in /var/www/clients/client4/web20/web/framework/web/CWebApplication.php:286
Stack trace:
#0 /var/www/clients/client4/web20/web/framework/web/CWebApplication.php(141): CWebApplication->runController('test')
#1 /var/www/clients/client4/web20/web/framework/base/CApplication.php(180): CWebApplication->processRequest()
#2 /var/www/clients/client4/web20/web/index.php(14): CApplication->run()
#3 {main}
REQUEST_URI=/test/
---
2014/09/11 17:02:13 [error] [exception.CHttpException.404] exception 'CHttpException' with message 'Nie można ustalić żądania "VideoCMS".' in /var/www/clients/client4/web20/web/framework/web/CWebApplication.php:286
Stack trace:
#0 /var/www/clients/client4/web20/web/framework/web/CWebApplication.php(141): CWebApplication->runController('')
#1 /var/www/clients/client4/web20/web/framework/base/CApplication.php(180): CWebApplication->processRequest()
#2 /var/www/clients/client4/web20/web/index.php(14): CApplication->run()
#3 {main}
REQUEST_URI=/
---
2014/09/11 17:02:21 [error] [exception.CHttpException.404] exception 'CHttpException' with message 'Nie można ustalić żądania "VideoCMS".' in /var/www/clients/client4/web20/web/framework/web/CWebApplication.php:286
Stack trace:
#0 /var/www/clients/client4/web20/web/framework/web/CWebApplication.php(141): CWebApplication->runController('')
#1 /var/www/clients/client4/web20/web/framework/base/CApplication.php(180): CWebApplication->processRequest()
#2 /var/www/clients/client4/web20/web/index.php(14): CApplication->run()
#3 {main}
REQUEST_URI=/index.php
HTTP_REFERER=http://videocms-test.pl/
---
2014/09/11 17:02:24 [error] [exception.CHttpException.404] exception 'CHttpException' with message 'Nie można ustalić żądania "VideoCMS".' in /var/www/clients/client4/web20/web/framework/web/CWebApplication.php:286
Stack trace:
#0 /var/www/clients/client4/web20/web/framework/web/CWebApplication.php(141): CWebApplication->runController('')
#1 /var/www/clients/client4/web20/web/framework/base/CApplication.php(180): CWebApplication->processRequest()
#2 /var/www/clients/client4/web20/web/index.php(14): CApplication->run()
#3 {main}
REQUEST_URI=/index.php
HTTP_REFERER=http://videocms-test.pl/index.php
---
2014/09/11 17:04:50 [error] [exception.CHttpException.404] exception 'CHttpException' with message 'Nie można ustalić żądania "strona".' in /var/www/clients/client4/web20/web/framework/web/CWebApplication.php:286
Stack trace:
#0 /var/www/clients/client4/web20/web/framework/web/CWebApplication.php(141): CWebApplication->runController('strona')
#1 /var/www/clients/client4/web20/web/framework/base/CApplication.php(180): CWebApplication->processRequest()
#2 /var/www/clients/client4/web20/web/index.php(14): CApplication->run()
#3 {main}
REQUEST_URI=/strona
---
2014/09/11 17:04:59 [error] [exception.CHttpException.404] exception 'CHttpException' with message 'Nie można ustalić żądania "pokaz".' in /var/www/clients/client4/web20/web/framework/web/CWebApplication.php:286
Stack trace:
#0 /var/www/clients/client4/web20/web/framework/web/CWebApplication.php(141): CWebApplication->runController('pokaz')
#1 /var/www/clients/client4/web20/web/framework/base/CApplication.php(180): CWebApplication->processRequest()
#2 /var/www/clients/client4/web20/web/index.php(14): CApplication->run()
#3 {main}
REQUEST_URI=/pokaz
---
2014/09/11 17:04:59 [error] [exception.CHttpException.404] exception 'CHttpException' with message 'Nie można ustalić żądania "favicon.ico".' in /var/www/clients/client4/web20/web/framework/web/CWebApplication.php:286
Stack trace:
#0 /var/www/clients/client4/web20/web/framework/web/CWebApplication.php(141): CWebApplication->runController('favicon.ico')
#1 /var/www/clients/client4/web20/web/framework/base/CApplication.php(180): CWebApplication->processRequest()
#2 /var/www/clients/client4/web20/web/index.php(14): CApplication->run()
#3 {main}
REQUEST_URI=/favicon.ico
---
2014/09/11 18:10:38 [error] [exception.CHttpException.404] exception 'CHttpException' with message 'Nie można ustalić żądania "favicon.ico".' in /var/www/clients/client4/web20/web/framework/web/CWebApplication.php:286
Stack trace:
#0 /var/www/clients/client4/web20/web/framework/web/CWebApplication.php(141): CWebApplication->runController('favicon.ico')
#1 /var/www/clients/client4/web20/web/framework/base/CApplication.php(180): CWebApplication->processRequest()
#2 /var/www/clients/client4/web20/web/index.php(14): CApplication->run()
#3 {main}
REQUEST_URI=/favicon.ico
---
